SF:lib\features\new_york_times\data\models\media_meta_data_data_model.dart
DA:14,5
DA:21,2
DA:22,4
DA:23,4
LF:4
LH:4
end_of_record
SF:lib\features\new_york_times\data\models\media_meta_data_data_model.g.dart
DA:9,4
DA:11,4
DA:12,4
DA:13,4
DA:14,4
DA:15,4
DA:16,4
DA:19,1
DA:21,1
DA:22,1
DA:23,1
DA:24,1
DA:25,1
DA:26,1
LF:14
LH:14
end_of_record
SF:lib\features\new_york_times\domain\entities\media_meta_data.dart
DA:10,5
DA:18,1
DA:19,1
LF:3
LH:3
end_of_record
SF:lib\features\new_york_times\data\data_source\get_news_remote_data_source.dart
DA:16,1
DA:20,1
DA:23,3
DA:24,1
DA:26,3
DA:27,1
DA:28,2
DA:29,1
DA:30,2
DA:31,1
DA:33,1
DA:35,1
LF:12
LH:12
end_of_record
SF:lib\features\new_york_times\data\models\news_model.dart
DA:15,4
DA:21,2
DA:22,2
DA:23,2
LF:4
LH:4
end_of_record
SF:lib\features\new_york_times\data\models\news_model.g.dart
DA:9,4
DA:10,2
DA:11,2
DA:12,2
DA:13,2
DA:14,6
DA:15,2
DA:18,2
DA:19,1
DA:20,1
DA:21,1
DA:22,1
LF:12
LH:12
end_of_record
SF:lib\core\constants\failure.dart
DA:5,3
DA:7,1
DA:8,2
DA:12,4
DA:16,3
LF:5
LH:5
end_of_record
SF:lib\features\new_york_times\domain\entities\news.dart
DA:11,5
DA:18,3
DA:19,3
LF:3
LH:3
end_of_record
SF:lib\features\new_york_times\data\models\news_data_model.dart
DA:31,5
DA:52,4
DA:54,2
DA:56,6
LF:4
LH:4
end_of_record
SF:lib\features\new_york_times\data\models\news_data_model.g.dart
DA:9,3
DA:10,3
DA:11,3
DA:12,3
DA:13,3
DA:14,3
DA:15,3
DA:16,3
DA:17,3
DA:18,3
DA:19,3
DA:20,3
DA:21,0
DA:22,0
DA:23,3
DA:24,0
DA:25,0
DA:26,3
DA:27,3
DA:28,3
DA:29,3
DA:30,3
DA:31,6
DA:32,3
DA:33,3
DA:34,0
DA:35,0
DA:36,3
DA:37,0
DA:38,0
DA:39,3
DA:40,3
DA:41,3
DA:44,1
DA:45,1
DA:46,1
DA:47,1
DA:48,1
DA:49,1
DA:50,1
DA:51,1
DA:52,1
DA:53,1
DA:54,1
DA:55,1
DA:56,1
DA:57,1
DA:58,1
DA:59,1
DA:60,1
DA:61,1
DA:62,1
DA:63,1
DA:64,1
DA:65,1
LF:55
LH:47
end_of_record
SF:lib\features\new_york_times\domain\entities\news_data.dart
DA:27,5
DA:50,1
DA:51,1
LF:3
LH:3
end_of_record
SF:lib\core\network\network_info.dart
DA:16,1
DA:20,1
DA:21,2
LF:3
LH:3
end_of_record
SF:lib\features\new_york_times\data\repositories\news_repository_impl.dart
DA:15,1
DA:18,1
DA:20,2
DA:22,2
DA:23,1
DA:25,1
LF:6
LH:6
end_of_record
SF:lib\features\new_york_times\domain\usecases\get_news.dart
DA:11,1
DA:13,1
DA:15,3
DA:22,2
LF:4
LH:4
end_of_record
SF:lib\features\new_york_times\presentation\bloc\news_bloc.dart
DA:12,3
DA:13,2
DA:14,4
DA:15,1
DA:16,1
DA:17,1
DA:18,1
DA:19,4
DA:21,2
DA:22,4
DA:23,1
DA:24,1
DA:25,2
DA:26,1
DA:27,4
DA:28,1
DA:29,1
DA:30,1
DA:31,1
DA:32,1
DA:35,2
DA:36,2
DA:37,4
DA:38,3
DA:39,1
DA:41,5
DA:42,1
DA:43,5
DA:44,10
DA:45,1
DA:48,4
DA:49,3
DA:50,1
DA:51,2
DA:52,9
DA:55,2
DA:56,4
DA:57,3
DA:58,1
DA:61,1
DA:62,0
DA:66,1
DA:67,2
DA:70,1
DA:71,2
DA:74,1
DA:75,2
DA:78,0
DA:79,0
LF:49
LH:46
end_of_record
SF:lib\features\new_york_times\presentation\bloc\news_events.dart
DA:8,1
DA:13,1
DA:17,1
DA:20,0
LF:4
LH:3
end_of_record
SF:lib\features\new_york_times\presentation\bloc\news_state.g.dart
DA:27,1
DA:28,3
DA:30,1
DA:39,1
DA:40,2
DA:41,2
DA:42,2
DA:43,1
DA:44,1
DA:45,2
DA:46,1
DA:47,1
DA:48,1
DA:49,1
DA:50,1
DA:51,1
DA:54,1
DA:56,3
DA:58,1
DA:59,2
DA:61,1
DA:64,1
DA:65,3
DA:66,3
DA:67,3
DA:68,3
DA:69,3
DA:70,3
DA:71,3
DA:72,3
DA:75,0
DA:78,0
DA:79,0
DA:80,0
DA:81,0
DA:82,0
DA:83,0
DA:84,0
DA:85,0
DA:86,0
DA:90,1
DA:92,2
DA:93,2
DA:94,2
DA:95,2
DA:96,2
DA:97,2
DA:98,2
DA:99,2
DA:100,2
DA:101,1
DA:109,3
DA:110,3
DA:113,3
DA:114,3
DA:117,3
DA:118,3
DA:121,3
DA:122,3
DA:125,3
DA:126,3
DA:129,3
DA:130,3
DA:133,3
DA:134,3
DA:137,3
DA:138,3
DA:140,1
DA:142,1
DA:143,1
DA:145,2
DA:146,2
DA:147,2
DA:148,2
DA:149,2
DA:150,2
DA:151,2
DA:152,2
DA:153,1
DA:158,1
DA:160,1
DA:161,1
DA:164,1
DA:166,1
DA:169,1
DA:170,1
DA:172,1
DA:173,1
DA:174,1
DA:175,1
DA:176,1
DA:177,1
DA:178,1
DA:179,1
DA:180,1
DA:181,1
DA:182,1
DA:183,1
DA:184,1
DA:185,1
DA:186,1
DA:187,1
DA:188,1
DA:189,1
DA:190,1
DA:191,1
LF:106
LH:96
end_of_record
SF:lib\features\new_york_times\presentation\bloc\news_state.dart
DA:16,1
DA:20,1
DA:21,2
DA:22,1
DA:23,1
DA:24,1
DA:25,1
DA:26,1
DA:27,1
DA:28,1
DA:29,2
DA:30,1
DA:31,2
LF:13
LH:13
end_of_record
